mode: atomic
github.com/vukieuhaihoa/bookmark-management/internal/api/api.go:60.57,70.2 3 0
github.com/vukieuhaihoa/bookmark-management/internal/api/api.go:77.29,79.2 1 0
github.com/vukieuhaihoa/bookmark-management/internal/api/api.go:87.65,89.2 1 0
github.com/vukieuhaihoa/bookmark-management/internal/api/api.go:94.32,107.2 10 0
github.com/vukieuhaihoa/bookmark-management/internal/api/api.go:107.2,119.3 4 0
github.com/vukieuhaihoa/bookmark-management/internal/api/api.go:60.57,70.2 3 0
github.com/vukieuhaihoa/bookmark-management/internal/api/api.go:77.29,79.2 1 0
github.com/vukieuhaihoa/bookmark-management/internal/api/api.go:87.65,89.2 1 0
github.com/vukieuhaihoa/bookmark-management/internal/api/api.go:94.32,107.2 10 0
github.com/vukieuhaihoa/bookmark-management/internal/api/api.go:107.2,119.3 4 0
github.com/vukieuhaihoa/bookmark-management/internal/handler/health_check_handler.go:43.58,45.2 1 0
github.com/vukieuhaihoa/bookmark-management/internal/handler/health_check_handler.go:63.52,65.16 2 2
github.com/vukieuhaihoa/bookmark-management/internal/handler/health_check_handler.go:65.16,72.3 2 1
github.com/vukieuhaihoa/bookmark-management/internal/handler/health_check_handler.go:73.2,77.4 1 1
github.com/vukieuhaihoa/bookmark-management/internal/handler/pass_handler.go:38.49,40.2 1 2
github.com/vukieuhaihoa/bookmark-management/internal/handler/pass_handler.go:60.60,62.16 2 2
github.com/vukieuhaihoa/bookmark-management/internal/handler/pass_handler.go:62.16,65.3 2 1
github.com/vukieuhaihoa/bookmark-management/internal/handler/pass_handler.go:66.2,66.31 1 1
github.com/vukieuhaihoa/bookmark-management/internal/handler/shorten_url_handler.go:30.65,34.2 1 0
github.com/vukieuhaihoa/bookmark-management/internal/handler/shorten_url_handler.go:68.56,72.16 3 0
github.com/vukieuhaihoa/bookmark-management/internal/handler/shorten_url_handler.go:72.16,75.3 2 0
github.com/vukieuhaihoa/bookmark-management/internal/handler/shorten_url_handler.go:77.2,78.16 2 0
github.com/vukieuhaihoa/bookmark-management/internal/handler/shorten_url_handler.go:78.16,81.3 2 0
github.com/vukieuhaihoa/bookmark-management/internal/handler/shorten_url_handler.go:83.2,86.4 1 0
github.com/vukieuhaihoa/bookmark-management/internal/repository/health_check_repo.go:34.60,38.2 1 0
github.com/vukieuhaihoa/bookmark-management/internal/repository/health_check_repo.go:47.62,49.2 1 0
github.com/vukieuhaihoa/bookmark-management/internal/repository/shorten_url_repo.go:56.58,60.2 1 0
github.com/vukieuhaihoa/bookmark-management/internal/repository/shorten_url_repo.go:71.77,73.2 1 0
github.com/vukieuhaihoa/bookmark-management/internal/repository/shorten_url_repo.go:85.90,86.19 1 0
github.com/vukieuhaihoa/bookmark-management/internal/repository/shorten_url_repo.go:86.19,88.3 1 0
github.com/vukieuhaihoa/bookmark-management/internal/repository/shorten_url_repo.go:89.2,89.85 1 0
github.com/vukieuhaihoa/bookmark-management/internal/service/health_check_service.go:48.105,54.2 1 0
github.com/vukieuhaihoa/bookmark-management/internal/service/health_check_service.go:67.89,68.52 1 0
github.com/vukieuhaihoa/bookmark-management/internal/service/health_check_service.go:68.52,70.3 1 0
github.com/vukieuhaihoa/bookmark-management/internal/service/health_check_service.go:72.2,72.51 1 0
github.com/vukieuhaihoa/bookmark-management/internal/service/pass_service.go:29.68,33.2 1 0
github.com/vukieuhaihoa/bookmark-management/internal/service/pass_service.go:42.62,44.2 1 0
github.com/vukieuhaihoa/bookmark-management/internal/service/shorten_url_service.go:52.100,57.2 1 0
github.com/vukieuhaihoa/bookmark-management/internal/service/shorten_url_service.go:70.104,74.59 3 0
github.com/vukieuhaihoa/bookmark-management/internal/service/shorten_url_service.go:74.59,76.17 2 0
github.com/vukieuhaihoa/bookmark-management/internal/service/shorten_url_service.go:76.17,78.4 1 0
github.com/vukieuhaihoa/bookmark-management/internal/service/shorten_url_service.go:81.3,82.17 2 0
github.com/vukieuhaihoa/bookmark-management/internal/service/shorten_url_service.go:82.17,84.33 1 0
github.com/vukieuhaihoa/bookmark-management/internal/service/shorten_url_service.go:84.33,86.10 1 0
github.com/vukieuhaihoa/bookmark-management/internal/service/shorten_url_service.go:89.4,89.18 1 0
github.com/vukieuhaihoa/bookmark-management/internal/service/shorten_url_service.go:93.3,93.34 1 0
github.com/vukieuhaihoa/bookmark-management/internal/service/shorten_url_service.go:93.34,95.4 1 0
github.com/vukieuhaihoa/bookmark-management/internal/service/shorten_url_service.go:99.2,100.16 2 0
github.com/vukieuhaihoa/bookmark-management/internal/service/shorten_url_service.go:100.16,102.3 1 0
github.com/vukieuhaihoa/bookmark-management/internal/service/shorten_url_service.go:104.2,104.21 1 0
github.com/vukieuhaihoa/bookmark-management/pkg/redis/mock.go:17.48,22.2 2 0
github.com/vukieuhaihoa/bookmark-management/pkg/stringutils/code.go:31.39,33.2 1 0
github.com/vukieuhaihoa/bookmark-management/pkg/stringutils/code.go:44.72,47.30 2 0
github.com/vukieuhaihoa/bookmark-management/pkg/stringutils/code.go:47.30,49.17 2 0
github.com/vukieuhaihoa/bookmark-management/pkg/stringutils/code.go:49.17,51.4 1 0
github.com/vukieuhaihoa/bookmark-management/pkg/stringutils/code.go:52.3,52.53 1 0
github.com/vukieuhaihoa/bookmark-management/pkg/stringutils/code.go:54.2,54.33 1 0
github.com/vukieuhaihoa/bookmark-management/internal/api/api.go:60.57,70.2 3 0
github.com/vukieuhaihoa/bookmark-management/internal/api/api.go:77.29,79.2 1 0
github.com/vukieuhaihoa/bookmark-management/internal/api/api.go:87.65,89.2 1 0
github.com/vukieuhaihoa/bookmark-management/internal/api/api.go:94.32,107.2 10 0
github.com/vukieuhaihoa/bookmark-management/internal/api/api.go:107.2,119.3 4 0
github.com/vukieuhaihoa/bookmark-management/internal/handler/health_check_handler.go:43.58,45.2 1 0
github.com/vukieuhaihoa/bookmark-management/internal/handler/health_check_handler.go:63.52,65.16 2 0
github.com/vukieuhaihoa/bookmark-management/internal/handler/health_check_handler.go:65.16,72.3 2 0
github.com/vukieuhaihoa/bookmark-management/internal/handler/health_check_handler.go:73.2,77.4 1 0
github.com/vukieuhaihoa/bookmark-management/internal/handler/pass_handler.go:38.49,40.2 1 0
github.com/vukieuhaihoa/bookmark-management/internal/handler/pass_handler.go:60.60,62.16 2 0
github.com/vukieuhaihoa/bookmark-management/internal/handler/pass_handler.go:62.16,65.3 2 0
github.com/vukieuhaihoa/bookmark-management/internal/handler/pass_handler.go:66.2,66.31 1 0
github.com/vukieuhaihoa/bookmark-management/internal/handler/shorten_url_handler.go:30.65,34.2 1 0
github.com/vukieuhaihoa/bookmark-management/internal/handler/shorten_url_handler.go:68.56,72.16 3 0
github.com/vukieuhaihoa/bookmark-management/internal/handler/shorten_url_handler.go:72.16,75.3 2 0
github.com/vukieuhaihoa/bookmark-management/internal/handler/shorten_url_handler.go:77.2,78.16 2 0
github.com/vukieuhaihoa/bookmark-management/internal/handler/shorten_url_handler.go:78.16,81.3 2 0
github.com/vukieuhaihoa/bookmark-management/internal/handler/shorten_url_handler.go:83.2,86.4 1 0
github.com/vukieuhaihoa/bookmark-management/internal/repository/health_check_repo.go:34.60,38.2 1 2
github.com/vukieuhaihoa/bookmark-management/internal/repository/health_check_repo.go:47.62,49.2 1 2
github.com/vukieuhaihoa/bookmark-management/internal/repository/shorten_url_repo.go:56.58,60.2 1 4
github.com/vukieuhaihoa/bookmark-management/internal/repository/shorten_url_repo.go:71.77,73.2 1 2
github.com/vukieuhaihoa/bookmark-management/internal/repository/shorten_url_repo.go:85.90,86.19 1 2
github.com/vukieuhaihoa/bookmark-management/internal/repository/shorten_url_repo.go:86.19,88.3 1 2
github.com/vukieuhaihoa/bookmark-management/internal/repository/shorten_url_repo.go:89.2,89.85 1 2
github.com/vukieuhaihoa/bookmark-management/internal/service/health_check_service.go:48.105,54.2 1 0
github.com/vukieuhaihoa/bookmark-management/internal/service/health_check_service.go:67.89,68.52 1 0
github.com/vukieuhaihoa/bookmark-management/internal/service/health_check_service.go:68.52,70.3 1 0
github.com/vukieuhaihoa/bookmark-management/internal/service/health_check_service.go:72.2,72.51 1 0
github.com/vukieuhaihoa/bookmark-management/internal/service/pass_service.go:29.68,33.2 1 0
github.com/vukieuhaihoa/bookmark-management/internal/service/pass_service.go:42.62,44.2 1 0
github.com/vukieuhaihoa/bookmark-management/internal/service/shorten_url_service.go:53.100,58.2 1 0
github.com/vukieuhaihoa/bookmark-management/internal/service/shorten_url_service.go:71.104,75.59 3 0
github.com/vukieuhaihoa/bookmark-management/internal/service/shorten_url_service.go:75.59,77.17 2 0
github.com/vukieuhaihoa/bookmark-management/internal/service/shorten_url_service.go:77.17,79.4 1 0
github.com/vukieuhaihoa/bookmark-management/internal/service/shorten_url_service.go:82.3,83.17 2 0
github.com/vukieuhaihoa/bookmark-management/internal/service/shorten_url_service.go:83.17,85.33 1 0
github.com/vukieuhaihoa/bookmark-management/internal/service/shorten_url_service.go:85.33,87.10 1 0
github.com/vukieuhaihoa/bookmark-management/internal/service/shorten_url_service.go:90.4,90.72 1 0
github.com/vukieuhaihoa/bookmark-management/internal/service/shorten_url_service.go:94.3,94.34 1 0
github.com/vukieuhaihoa/bookmark-management/internal/service/shorten_url_service.go:94.34,96.4 1 0
github.com/vukieuhaihoa/bookmark-management/internal/service/shorten_url_service.go:100.2,101.16 2 0
github.com/vukieuhaihoa/bookmark-management/internal/service/shorten_url_service.go:101.16,103.3 1 0
github.com/vukieuhaihoa/bookmark-management/internal/service/shorten_url_service.go:105.2,105.21 1 0
github.com/vukieuhaihoa/bookmark-management/pkg/redis/mock.go:17.48,22.2 2 6
github.com/vukieuhaihoa/bookmark-management/pkg/stringutils/code.go:31.39,33.2 1 0
github.com/vukieuhaihoa/bookmark-management/pkg/stringutils/code.go:44.72,47.30 2 0
github.com/vukieuhaihoa/bookmark-management/pkg/stringutils/code.go:47.30,49.17 2 0
github.com/vukieuhaihoa/bookmark-management/pkg/stringutils/code.go:49.17,51.4 1 0
github.com/vukieuhaihoa/bookmark-management/pkg/stringutils/code.go:52.3,52.53 1 0
github.com/vukieuhaihoa/bookmark-management/pkg/stringutils/code.go:54.2,54.33 1 0
github.com/vukieuhaihoa/bookmark-management/internal/api/api.go:60.57,70.2 3 0
github.com/vukieuhaihoa/bookmark-management/internal/api/api.go:77.29,79.2 1 0
github.com/vukieuhaihoa/bookmark-management/internal/api/api.go:87.65,89.2 1 0
github.com/vukieuhaihoa/bookmark-management/internal/api/api.go:94.32,107.2 10 0
github.com/vukieuhaihoa/bookmark-management/internal/api/api.go:107.2,119.3 4 0
github.com/vukieuhaihoa/bookmark-management/internal/handler/health_check_handler.go:43.58,45.2 1 0
github.com/vukieuhaihoa/bookmark-management/internal/handler/health_check_handler.go:63.52,65.16 2 0
github.com/vukieuhaihoa/bookmark-management/internal/handler/health_check_handler.go:65.16,72.3 2 0
github.com/vukieuhaihoa/bookmark-management/internal/handler/health_check_handler.go:73.2,77.4 1 0
github.com/vukieuhaihoa/bookmark-management/internal/handler/pass_handler.go:38.49,40.2 1 0
github.com/vukieuhaihoa/bookmark-management/internal/handler/pass_handler.go:60.60,62.16 2 0
github.com/vukieuhaihoa/bookmark-management/internal/handler/pass_handler.go:62.16,65.3 2 0
github.com/vukieuhaihoa/bookmark-management/internal/handler/pass_handler.go:66.2,66.31 1 0
github.com/vukieuhaihoa/bookmark-management/internal/handler/shorten_url_handler.go:30.65,34.2 1 0
github.com/vukieuhaihoa/bookmark-management/internal/handler/shorten_url_handler.go:68.56,72.16 3 0
github.com/vukieuhaihoa/bookmark-management/internal/handler/shorten_url_handler.go:72.16,75.3 2 0
github.com/vukieuhaihoa/bookmark-management/internal/handler/shorten_url_handler.go:77.2,78.16 2 0
github.com/vukieuhaihoa/bookmark-management/internal/handler/shorten_url_handler.go:78.16,81.3 2 0
github.com/vukieuhaihoa/bookmark-management/internal/handler/shorten_url_handler.go:83.2,86.4 1 0
github.com/vukieuhaihoa/bookmark-management/internal/repository/health_check_repo.go:34.60,38.2 1 0
github.com/vukieuhaihoa/bookmark-management/internal/repository/health_check_repo.go:47.62,49.2 1 0
github.com/vukieuhaihoa/bookmark-management/internal/repository/shorten_url_repo.go:56.58,60.2 1 0
github.com/vukieuhaihoa/bookmark-management/internal/repository/shorten_url_repo.go:71.77,73.2 1 0
github.com/vukieuhaihoa/bookmark-management/internal/repository/shorten_url_repo.go:85.90,86.19 1 0
github.com/vukieuhaihoa/bookmark-management/internal/repository/shorten_url_repo.go:86.19,88.3 1 0
github.com/vukieuhaihoa/bookmark-management/internal/repository/shorten_url_repo.go:89.2,89.85 1 0
github.com/vukieuhaihoa/bookmark-management/internal/service/health_check_service.go:48.105,54.2 1 2
github.com/vukieuhaihoa/bookmark-management/internal/service/health_check_service.go:67.89,68.52 1 2
github.com/vukieuhaihoa/bookmark-management/internal/service/health_check_service.go:68.52,70.3 1 1
github.com/vukieuhaihoa/bookmark-management/internal/service/health_check_service.go:72.2,72.51 1 1
github.com/vukieuhaihoa/bookmark-management/internal/service/pass_service.go:29.68,33.2 1 1
github.com/vukieuhaihoa/bookmark-management/internal/service/pass_service.go:42.62,44.2 1 1
github.com/vukieuhaihoa/bookmark-management/internal/service/shorten_url_service.go:52.100,57.2 1 7
github.com/vukieuhaihoa/bookmark-management/internal/service/shorten_url_service.go:70.104,74.59 3 7
github.com/vukieuhaihoa/bookmark-management/internal/service/shorten_url_service.go:74.59,76.17 2 17
github.com/vukieuhaihoa/bookmark-management/internal/service/shorten_url_service.go:76.17,78.4 1 1
github.com/vukieuhaihoa/bookmark-management/internal/service/shorten_url_service.go:81.3,82.17 2 16
github.com/vukieuhaihoa/bookmark-management/internal/service/shorten_url_service.go:82.17,84.33 1 5
github.com/vukieuhaihoa/bookmark-management/internal/service/shorten_url_service.go:84.33,86.10 1 4
github.com/vukieuhaihoa/bookmark-management/internal/service/shorten_url_service.go:89.4,89.18 1 1
github.com/vukieuhaihoa/bookmark-management/internal/service/shorten_url_service.go:93.3,93.34 1 11
github.com/vukieuhaihoa/bookmark-management/internal/service/shorten_url_service.go:93.34,95.4 1 1
github.com/vukieuhaihoa/bookmark-management/internal/service/shorten_url_service.go:99.2,100.16 2 4
github.com/vukieuhaihoa/bookmark-management/internal/service/shorten_url_service.go:100.16,102.3 1 2
github.com/vukieuhaihoa/bookmark-management/internal/service/shorten_url_service.go:104.2,104.21 1 2
github.com/vukieuhaihoa/bookmark-management/pkg/redis/mock.go:17.48,22.2 2 0
github.com/vukieuhaihoa/bookmark-management/pkg/stringutils/code.go:31.39,33.2 1 0
github.com/vukieuhaihoa/bookmark-management/pkg/stringutils/code.go:44.72,47.30 2 0
github.com/vukieuhaihoa/bookmark-management/pkg/stringutils/code.go:47.30,49.17 2 0
github.com/vukieuhaihoa/bookmark-management/pkg/stringutils/code.go:49.17,51.4 1 0
github.com/vukieuhaihoa/bookmark-management/pkg/stringutils/code.go:52.3,52.53 1 0
github.com/vukieuhaihoa/bookmark-management/pkg/stringutils/code.go:54.2,54.33 1 0
github.com/vukieuhaihoa/bookmark-management/internal/api/api.go:60.57,70.2 3 2
github.com/vukieuhaihoa/bookmark-management/internal/api/api.go:77.29,79.2 1 0
github.com/vukieuhaihoa/bookmark-management/internal/api/api.go:87.65,89.2 1 2
github.com/vukieuhaihoa/bookmark-management/internal/api/api.go:94.32,107.2 10 2
github.com/vukieuhaihoa/bookmark-management/internal/api/api.go:107.2,119.3 4 2
github.com/vukieuhaihoa/bookmark-management/internal/handler/health_check_handler.go:43.58,45.2 1 2
github.com/vukieuhaihoa/bookmark-management/internal/handler/health_check_handler.go:63.52,65.16 2 1
github.com/vukieuhaihoa/bookmark-management/internal/handler/health_check_handler.go:65.16,72.3 2 0
github.com/vukieuhaihoa/bookmark-management/internal/handler/health_check_handler.go:73.2,77.4 1 1
github.com/vukieuhaihoa/bookmark-management/internal/handler/pass_handler.go:38.49,40.2 1 2
github.com/vukieuhaihoa/bookmark-management/internal/handler/pass_handler.go:60.60,62.16 2 1
github.com/vukieuhaihoa/bookmark-management/internal/handler/pass_handler.go:62.16,65.3 2 0
github.com/vukieuhaihoa/bookmark-management/internal/handler/pass_handler.go:66.2,66.31 1 1
github.com/vukieuhaihoa/bookmark-management/internal/handler/shorten_url_handler.go:30.65,34.2 1 2
github.com/vukieuhaihoa/bookmark-management/internal/handler/shorten_url_handler.go:68.56,72.16 3 0
github.com/vukieuhaihoa/bookmark-management/internal/handler/shorten_url_handler.go:72.16,75.3 2 0
github.com/vukieuhaihoa/bookmark-management/internal/handler/shorten_url_handler.go:77.2,78.16 2 0
github.com/vukieuhaihoa/bookmark-management/internal/handler/shorten_url_handler.go:78.16,81.3 2 0
github.com/vukieuhaihoa/bookmark-management/internal/handler/shorten_url_handler.go:83.2,86.4 1 0
github.com/vukieuhaihoa/bookmark-management/internal/repository/health_check_repo.go:34.60,38.2 1 2
github.com/vukieuhaihoa/bookmark-management/internal/repository/health_check_repo.go:47.62,49.2 1 1
github.com/vukieuhaihoa/bookmark-management/internal/repository/shorten_url_repo.go:56.58,60.2 1 2
github.com/vukieuhaihoa/bookmark-management/internal/repository/shorten_url_repo.go:71.77,73.2 1 0
github.com/vukieuhaihoa/bookmark-management/internal/repository/shorten_url_repo.go:85.90,86.19 1 0
github.com/vukieuhaihoa/bookmark-management/internal/repository/shorten_url_repo.go:86.19,88.3 1 0
github.com/vukieuhaihoa/bookmark-management/internal/repository/shorten_url_repo.go:89.2,89.85 1 0
github.com/vukieuhaihoa/bookmark-management/internal/service/health_check_service.go:48.105,54.2 1 2
github.com/vukieuhaihoa/bookmark-management/internal/service/health_check_service.go:67.89,68.52 1 1
github.com/vukieuhaihoa/bookmark-management/internal/service/health_check_service.go:68.52,70.3 1 0
github.com/vukieuhaihoa/bookmark-management/internal/service/health_check_service.go:72.2,72.51 1 1
github.com/vukieuhaihoa/bookmark-management/internal/service/pass_service.go:29.68,33.2 1 2
github.com/vukieuhaihoa/bookmark-management/internal/service/pass_service.go:42.62,44.2 1 1
github.com/vukieuhaihoa/bookmark-management/internal/service/shorten_url_service.go:52.100,57.2 1 2
github.com/vukieuhaihoa/bookmark-management/internal/service/shorten_url_service.go:70.104,74.59 3 0
github.com/vukieuhaihoa/bookmark-management/internal/service/shorten_url_service.go:74.59,76.17 2 0
github.com/vukieuhaihoa/bookmark-management/internal/service/shorten_url_service.go:76.17,78.4 1 0
github.com/vukieuhaihoa/bookmark-management/internal/service/shorten_url_service.go:81.3,82.17 2 0
github.com/vukieuhaihoa/bookmark-management/internal/service/shorten_url_service.go:82.17,84.33 1 0
github.com/vukieuhaihoa/bookmark-management/internal/service/shorten_url_service.go:84.33,86.10 1 0
github.com/vukieuhaihoa/bookmark-management/internal/service/shorten_url_service.go:89.4,89.18 1 0
github.com/vukieuhaihoa/bookmark-management/internal/service/shorten_url_service.go:93.3,93.34 1 0
github.com/vukieuhaihoa/bookmark-management/internal/service/shorten_url_service.go:93.34,95.4 1 0
github.com/vukieuhaihoa/bookmark-management/internal/service/shorten_url_service.go:99.2,100.16 2 0
github.com/vukieuhaihoa/bookmark-management/internal/service/shorten_url_service.go:100.16,102.3 1 0
github.com/vukieuhaihoa/bookmark-management/internal/service/shorten_url_service.go:104.2,104.21 1 0
github.com/vukieuhaihoa/bookmark-management/pkg/redis/mock.go:17.48,22.2 2 2
github.com/vukieuhaihoa/bookmark-management/pkg/stringutils/code.go:31.39,33.2 1 2
github.com/vukieuhaihoa/bookmark-management/pkg/stringutils/code.go:44.72,47.30 2 1
github.com/vukieuhaihoa/bookmark-management/pkg/stringutils/code.go:47.30,49.17 2 12
github.com/vukieuhaihoa/bookmark-management/pkg/stringutils/code.go:49.17,51.4 1 0
github.com/vukieuhaihoa/bookmark-management/pkg/stringutils/code.go:52.3,52.53 1 12
github.com/vukieuhaihoa/bookmark-management/pkg/stringutils/code.go:54.2,54.33 1 1
github.com/vukieuhaihoa/bookmark-management/pkg/redis/mock.go:17.48,22.2 2 0
github.com/vukieuhaihoa/bookmark-management/internal/api/api.go:60.57,70.2 3 0
github.com/vukieuhaihoa/bookmark-management/internal/api/api.go:77.29,79.2 1 0
github.com/vukieuhaihoa/bookmark-management/internal/api/api.go:87.65,89.2 1 0
github.com/vukieuhaihoa/bookmark-management/internal/api/api.go:94.32,104.2 7 0
github.com/vukieuhaihoa/bookmark-management/internal/api/api.go:104.2,112.3 3 0
github.com/vukieuhaihoa/bookmark-management/internal/handler/health_check_handler.go:43.58,45.2 1 0
github.com/vukieuhaihoa/bookmark-management/internal/handler/health_check_handler.go:63.52,65.16 2 0
github.com/vukieuhaihoa/bookmark-management/internal/handler/health_check_handler.go:65.16,72.3 2 0
github.com/vukieuhaihoa/bookmark-management/internal/handler/health_check_handler.go:73.2,77.4 1 0
github.com/vukieuhaihoa/bookmark-management/internal/handler/pass_handler.go:38.49,40.2 1 0
github.com/vukieuhaihoa/bookmark-management/internal/handler/pass_handler.go:60.60,62.16 2 0
github.com/vukieuhaihoa/bookmark-management/internal/handler/pass_handler.go:62.16,65.3 2 0
github.com/vukieuhaihoa/bookmark-management/internal/handler/pass_handler.go:66.2,66.31 1 0
github.com/vukieuhaihoa/bookmark-management/internal/handler/shorten_url_handler.go:30.65,34.2 1 0
github.com/vukieuhaihoa/bookmark-management/internal/handler/shorten_url_handler.go:46.56,50.16 3 0
github.com/vukieuhaihoa/bookmark-management/internal/handler/shorten_url_handler.go:50.16,53.3 2 0
github.com/vukieuhaihoa/bookmark-management/internal/handler/shorten_url_handler.go:55.2,56.16 2 0
github.com/vukieuhaihoa/bookmark-management/internal/handler/shorten_url_handler.go:56.16,59.3 2 0
github.com/vukieuhaihoa/bookmark-management/internal/handler/shorten_url_handler.go:61.2,64.4 1 0
github.com/vukieuhaihoa/bookmark-management/internal/repository/health_check_repo.go:34.60,38.2 1 0
github.com/vukieuhaihoa/bookmark-management/internal/repository/health_check_repo.go:47.62,49.2 1 0
github.com/vukieuhaihoa/bookmark-management/internal/repository/shorten_url_repo.go:56.58,60.2 1 0
github.com/vukieuhaihoa/bookmark-management/internal/repository/shorten_url_repo.go:71.77,73.2 1 0
github.com/vukieuhaihoa/bookmark-management/internal/repository/shorten_url_repo.go:85.90,86.19 1 0
github.com/vukieuhaihoa/bookmark-management/internal/repository/shorten_url_repo.go:86.19,88.3 1 0
github.com/vukieuhaihoa/bookmark-management/internal/repository/shorten_url_repo.go:89.2,89.85 1 0
github.com/vukieuhaihoa/bookmark-management/internal/service/health_check_service.go:48.105,54.2 1 0
github.com/vukieuhaihoa/bookmark-management/internal/service/health_check_service.go:67.89,68.52 1 0
github.com/vukieuhaihoa/bookmark-management/internal/service/health_check_service.go:68.52,70.3 1 0
github.com/vukieuhaihoa/bookmark-management/internal/service/health_check_service.go:72.2,72.51 1 0
github.com/vukieuhaihoa/bookmark-management/internal/service/pass_service.go:29.68,33.2 1 0
github.com/vukieuhaihoa/bookmark-management/internal/service/pass_service.go:42.62,44.2 1 0
github.com/vukieuhaihoa/bookmark-management/internal/service/shorten_url_service.go:45.100,50.2 1 0
github.com/vukieuhaihoa/bookmark-management/internal/service/shorten_url_service.go:62.104,64.16 2 0
github.com/vukieuhaihoa/bookmark-management/internal/service/shorten_url_service.go:64.16,66.3 1 0
github.com/vukieuhaihoa/bookmark-management/internal/service/shorten_url_service.go:68.2,69.16 2 0
github.com/vukieuhaihoa/bookmark-management/internal/service/shorten_url_service.go:69.16,71.3 1 0
github.com/vukieuhaihoa/bookmark-management/internal/service/shorten_url_service.go:73.2,73.21 1 0
github.com/vukieuhaihoa/bookmark-management/pkg/redis/mock.go:17.48,22.2 2 0
github.com/vukieuhaihoa/bookmark-management/pkg/stringutils/code.go:31.39,33.2 1 1
github.com/vukieuhaihoa/bookmark-management/pkg/stringutils/code.go:44.72,47.30 2 1
github.com/vukieuhaihoa/bookmark-management/pkg/stringutils/code.go:47.30,49.17 2 8
github.com/vukieuhaihoa/bookmark-management/pkg/stringutils/code.go:49.17,51.4 1 0
github.com/vukieuhaihoa/bookmark-management/pkg/stringutils/code.go:52.3,52.53 1 8
github.com/vukieuhaihoa/bookmark-management/pkg/stringutils/code.go:54.2,54.33 1 1
