mode: atomic
github.com/vukieuhaihoa/bookmark-management/internal/api/api.go:50.30,57.2 3 0
github.com/vukieuhaihoa/bookmark-management/internal/api/api.go:64.29,66.2 1 0
github.com/vukieuhaihoa/bookmark-management/internal/api/api.go:74.65,76.2 1 0
github.com/vukieuhaihoa/bookmark-management/internal/api/api.go:81.32,95.2 7 0
github.com/vukieuhaihoa/bookmark-management/internal/api/api.go:50.30,57.2 3 0
github.com/vukieuhaihoa/bookmark-management/internal/api/api.go:64.29,66.2 1 0
github.com/vukieuhaihoa/bookmark-management/internal/api/api.go:74.65,76.2 1 0
github.com/vukieuhaihoa/bookmark-management/internal/api/api.go:81.32,95.2 7 0
github.com/vukieuhaihoa/bookmark-management/internal/handler/health_check_handler.go:43.58,45.2 1 0
github.com/vukieuhaihoa/bookmark-management/internal/handler/health_check_handler.go:63.52,70.2 2 1
github.com/vukieuhaihoa/bookmark-management/internal/handler/pass_handler.go:38.49,40.2 1 2
github.com/vukieuhaihoa/bookmark-management/internal/handler/pass_handler.go:60.60,62.16 2 2
github.com/vukieuhaihoa/bookmark-management/internal/handler/pass_handler.go:62.16,65.3 2 1
github.com/vukieuhaihoa/bookmark-management/internal/handler/pass_handler.go:66.2,66.31 1 1
github.com/vukieuhaihoa/bookmark-management/internal/service/health_check_service.go:29.65,34.2 1 0
github.com/vukieuhaihoa/bookmark-management/internal/service/health_check_service.go:43.63,45.2 1 0
github.com/vukieuhaihoa/bookmark-management/internal/service/pass_service.go:31.29,33.2 1 0
github.com/vukieuhaihoa/bookmark-management/internal/service/pass_service.go:42.62,44.34 2 0
github.com/vukieuhaihoa/bookmark-management/internal/service/pass_service.go:44.34,46.17 2 0
github.com/vukieuhaihoa/bookmark-management/internal/service/pass_service.go:46.17,48.4 1 0
github.com/vukieuhaihoa/bookmark-management/internal/service/pass_service.go:49.3,49.53 1 0
github.com/vukieuhaihoa/bookmark-management/internal/service/pass_service.go:51.2,51.33 1 0
github.com/vukieuhaihoa/bookmark-management/internal/api/api.go:50.30,57.2 3 0
github.com/vukieuhaihoa/bookmark-management/internal/api/api.go:64.29,66.2 1 0
github.com/vukieuhaihoa/bookmark-management/internal/api/api.go:74.65,76.2 1 0
github.com/vukieuhaihoa/bookmark-management/internal/api/api.go:81.32,95.2 7 0
github.com/vukieuhaihoa/bookmark-management/internal/handler/health_check_handler.go:43.58,45.2 1 0
github.com/vukieuhaihoa/bookmark-management/internal/handler/health_check_handler.go:63.52,70.2 2 0
github.com/vukieuhaihoa/bookmark-management/internal/handler/pass_handler.go:38.49,40.2 1 0
github.com/vukieuhaihoa/bookmark-management/internal/handler/pass_handler.go:60.60,62.16 2 0
github.com/vukieuhaihoa/bookmark-management/internal/handler/pass_handler.go:62.16,65.3 2 0
github.com/vukieuhaihoa/bookmark-management/internal/handler/pass_handler.go:66.2,66.31 1 0
github.com/vukieuhaihoa/bookmark-management/internal/service/health_check_service.go:29.65,34.2 1 1
github.com/vukieuhaihoa/bookmark-management/internal/service/health_check_service.go:43.63,45.2 1 1
github.com/vukieuhaihoa/bookmark-management/internal/service/pass_service.go:31.29,33.2 1 1
github.com/vukieuhaihoa/bookmark-management/internal/service/pass_service.go:42.62,44.34 2 1
github.com/vukieuhaihoa/bookmark-management/internal/service/pass_service.go:44.34,46.17 2 12
github.com/vukieuhaihoa/bookmark-management/internal/service/pass_service.go:46.17,48.4 1 0
github.com/vukieuhaihoa/bookmark-management/internal/service/pass_service.go:49.3,49.53 1 12
github.com/vukieuhaihoa/bookmark-management/internal/service/pass_service.go:51.2,51.33 1 1
github.com/vukieuhaihoa/bookmark-management/internal/api/api.go:50.30,57.2 3 2
github.com/vukieuhaihoa/bookmark-management/internal/api/api.go:64.29,66.2 1 0
github.com/vukieuhaihoa/bookmark-management/internal/api/api.go:74.65,76.2 1 2
github.com/vukieuhaihoa/bookmark-management/internal/api/api.go:81.32,95.2 7 2
github.com/vukieuhaihoa/bookmark-management/internal/handler/health_check_handler.go:43.58,45.2 1 2
github.com/vukieuhaihoa/bookmark-management/internal/handler/health_check_handler.go:63.52,70.2 2 1
github.com/vukieuhaihoa/bookmark-management/internal/handler/pass_handler.go:38.49,40.2 1 2
github.com/vukieuhaihoa/bookmark-management/internal/handler/pass_handler.go:60.60,62.16 2 1
github.com/vukieuhaihoa/bookmark-management/internal/handler/pass_handler.go:62.16,65.3 2 0
github.com/vukieuhaihoa/bookmark-management/internal/handler/pass_handler.go:66.2,66.31 1 1
github.com/vukieuhaihoa/bookmark-management/internal/service/health_check_service.go:29.65,34.2 1 2
github.com/vukieuhaihoa/bookmark-management/internal/service/health_check_service.go:43.63,45.2 1 1
github.com/vukieuhaihoa/bookmark-management/internal/service/pass_service.go:31.29,33.2 1 2
github.com/vukieuhaihoa/bookmark-management/internal/service/pass_service.go:42.62,44.34 2 1
github.com/vukieuhaihoa/bookmark-management/internal/service/pass_service.go:44.34,46.17 2 12
github.com/vukieuhaihoa/bookmark-management/internal/service/pass_service.go:46.17,48.4 1 0
github.com/vukieuhaihoa/bookmark-management/internal/service/pass_service.go:49.3,49.53 1 12
github.com/vukieuhaihoa/bookmark-management/internal/service/pass_service.go:51.2,51.33 1 1
